<?xml version="1.0" encoding="UTF-8"?>
<!-- Generated by org.testng.reporters.JUnitReportReporter -->
<testsuite hostname="Ashish-Singh-2.local" failures="0" tests="1" name="com.typicode.jsonplaceholder.tests.UserToDoTests" time="3.421" errors="0" timestamp="2024-07-15T10:53:45 IST" skipped="0">
  <testcase classname="com.typicode.jsonplaceholder.tests.UserToDoTests" name="verifyUsersToDoCompletion" time="3.421"/>
  <system-out/>
</testsuite> <!-- com.typicode.jsonplaceholder.tests.UserToDoTests -->
